Case #1:
44.7213595
25.0000000
25.0000000
Case #2:
50000.0000000
50000.0000000
Case #3:
1.4142136
0.4515236
Case #4:
141.4213562
65.9380473
45.1523641
Case #5:
1.4142136
0.6593805
0.4515236
Case #6:
2.4706870
1.4496112
1.6613415
2.1845325
1.6387678
4.4609416
1.4242690
1.6076118
Case #7:
10.9516307
32.3768436
14.5229992
15.2625904
12.0244578
19.8143065
11.4541039
19.9265697
10.3371306
23.6762929
Case #8:
45.3950632
45.1607040
134.1757328
44.9299375
121.1165340
45.0448774
128.4634838
45.5136193
140.7246958
123.4237229
Case #9:
1.8930812
1.7577590
1.7577590
2.1840948
3.7576588
1.7577590
2.6704519
1.7577590
1.7577590
1.7577590
Case #10:
88307.7500000
88307.7500000
88307.7500000
88307.7500000
88307.7500000
88307.7500000
88307.7500000
88307.7500000
Case #11:
100000.0000000
100000.0000000
100000.0000000
100000.0000000
100000.0000000
100000.0000000
100000.0000000
100000.0000000
100000.0000000
Case #12:
44.6468944
39.3648590
39.3648590
39.3648590
39.3648590
62.9805967
51.5102325
88.6215549
39.9536825
39.3648590
Case #13:
72998.5920173
72998.5920173
72998.5920173
72998.5920173
72998.5920173
72998.5920173
72998.5920173
72998.5920173
72998.5920173
Case #14:
10.0759944
7.9394688
16.6466547
11.1306787
11.3408267
17.9013435
8.3032952
10.3449822
12.9698500
8.6991644
Case #15:
50.4939550
75.2181589
50.4939550
50.4939550
50.4939550
50.4939550
60.9336730
50.4939550
109.0014679
Case #16:
32.2511200
44.3119187
30.3465751
30.1881063
40.7571277
49.6041203
37.0370847
29.8109544
Case #17:
43399.8124204
43399.8124204
43399.8124204
43399.8124204
43399.8124204
43399.8124204
43399.8124204
43399.8124204
Case #18:
24.8232133
14.1439145
15.7154608
20.3022765
34.9293573
14.3923909
14.1439145
17.5971560
14.1439145
15.7473704
Case #19:
73.6668327
52.5754720
52.5754720
52.5754720
52.9238149
81.3359106
105.0042090
101.0700606
71.5990624
Case #20:
26.1182540
48.0721686
26.1182540
45.2893400
26.1182540
52.0396491
26.1182540
26.1182540
26.1182540