Case #1: our language is impossible to understand
Case #2: there are twenty six factorial possibilities
Case #3: so it is okay if you want to just give up
Case #4: xoggk d yl wxo vkkvgo ekso uyl wonw sywy
Case #5: xkf yto akj
Case #6: yabba dabba yabba dabba yabba dabba yabba dabba yabba dabba yabba dabba yabba dabba yabba dooooooooo
Case #7: a b c d e f g h i j k l m n o p q r s t u v y w x y z now i know my abcs
Case #8: next time wont you sing with me
Case #9: pneumonoultramicroscopicsilicovolcanoconiosis
Case #10: greetings cheese popsicle the number you have dialed is currently out of porkchops
Case #11: i have bested fruit spike and moon now i shall best you the guy
Case #12: dr zaius dr zaius dr zaius dr zaius ooooooooooooh dr zaius
Case #13: f of two equals f of one equals one
Case #14: for i between three and n f of i equals f of i minus one plus f of i minus two
Case #15: for those who speak in a tongue do not speak to other people
Case #16: nobody understands them since they are speaking mysteries in the spirit
Case #17: right i forgot here in the states you call it a sausage in the mouth
Case #18: this is so exciting i have to go the bathroom
Case #19: how are you holding up because im a potato
Case #20: in a world of direwolves and lions sometimes the rarest creature is a friend
Case #21: it was the best of times it was the blurst of times
Case #22: you pissed off the chicken lady
Case #23: let lips do what hands do
Case #24: buff tryndamere and amumu
Case #25: you know you want to
Case #26: oh yeah alright were gonna shake it up with the party bear tonight
Case #27: swift as the wind quiet as the forest steady as the mountain
Case #28: you want sell things at me boing zooom
Case #29: an eye for an eye and a pigeon for a pigeon
Case #30: thank you but the real googlerese is in another castle